<?xml version="1.0" encoding="UTF-8"?>
<testsuite name="ScrabbleScoreTest" tests="2" skipped="0" failures="0" errors="0" timestamp="2017-05-31T00:29:05" hostname="DESKTOP-CSR7OCA" time="0.016">
  <properties/>
  <testcase name="calculateScore_returnScoreForSingleLetter_1" classname="ScrabbleScoreTest" time="0.016"/>
  <testcase name="calculateScore_returnScoreFor_MultiLetters_2" classname="ScrabbleScoreTest" time="0.0"/>
  <system-out><![CDATA[1
2
]]></system-out>
  <system-err><![CDATA[]]></system-err>
</testsuite>
